----------------------------------------
Время вызова: 2023-03-08 00:52:26.801635
Имя функции: hello_world
Аргументы: ()
Именованные аргументы: {}
Результат: Hello World

----------------------------------------
Время вызова: 2023-03-08 00:52:26.801702
Имя функции: summator
Аргументы: (2, 2)
Именованные аргументы: {}
Результат: 4

----------------------------------------
Время вызова: 2023-03-08 00:52:26.801746
Имя функции: div
Аргументы: (6, 2)
Именованные аргументы: {}
Результат: 3.0

----------------------------------------
Время вызова: 2023-03-08 00:52:26.801789
Имя функции: summator
Аргументы: (4.3,)
Именованные аргументы: {'b': 2.2}
Результат: 6.5

