----------------------------------------
Время вызова: 2023-03-08 00:51:55.455445
Имя функции: hello_world
Аргументы: ()
Именованные аргументы: {}
Результат: Hello World

----------------------------------------
Время вызова: 2023-03-08 00:51:55.455546
Имя функции: summator
Аргументы: (2, 2)
Именованные аргументы: {}
Результат: 4

----------------------------------------
Время вызова: 2023-03-08 00:51:55.455583
Имя функции: div
Аргументы: (6, 2)
Именованные аргументы: {}
Результат: 3.0

----------------------------------------
Время вызова: 2023-03-08 00:51:55.455622
Имя функции: summator
Аргументы: (4.3,)
Именованные аргументы: {'b': 2.2}
Результат: 6.5

----------------------------------------
Время вызова: 2023-03-08 00:51:55.455656
Имя функции: summator
Аргументы: ()
Именованные аргументы: {'a': 0, 'b': 0}
Результат: 0

